<?xml version="1.0" encoding="UTF-8"?>
<!-- Generated by org.testng.reporters.JUnitXMLReporter -->
<testsuite ignored="2" hostname="LAPTOP-RTGV64HI" failures="0" tests="2" name="Test" time="41.778" errors="0" timestamp="2024-06-15T18:11:07 IST">
  <testcase classname="createContact_package.CreateNewContactTest" name="NewContactWithMandatoryFields" time="17.422"/>
  <testcase classname="createContact_package.CreateNewContactWithLeadSourceTest" name="NewContactWithMandatoryFields" time="6.016"/>
  <testcase classname="genericUtilityorLibrary.Base_Class" name="@BeforeSuite bsConfig" time="0.0">
    <ignored/>
  </testcase> <!-- @BeforeSuite bsConfig -->
  <testcase classname="genericUtilityorLibrary.Base_Class" name="@AfterSuite asConfig" time="0.0">
    <ignored/>
  </testcase> <!-- @AfterSuite asConfig -->
</testsuite> <!-- Test -->
