<?xml version="1.0" encoding="UTF-8"?>
<!-- Generated by org.testng.reporters.JUnitXMLReporter -->
<testsuite ignored="2" hostname="LAPTOP-RTGV64HI" failures="1" tests="2" name="Test" time="78.2" errors="0" timestamp="2024-02-19T14:43:43 IST">
  <testcase classname="createContact_package.CreateNewContact" name="NewContactWithMandatoryFields" time="32.477">
    <failure type="java.lang.AssertionError" message="null">
      <![CDATA[java.lang.AssertionError: null
at createContact_package.CreateNewContact.NewContactWithMandatoryFields(CreateNewContact.java:31)
at java.base/java.util.ArrayList.forEach(ArrayList.java:1511)
... Removed 27 stack frames]]>
    </failure>
  </testcase> <!-- NewContactWithMandatoryFields -->
  <testcase classname="createContact_package.CreateNewContactWithLeadSource" name="NewContactWithMandatoryFields" time="12.682"/>
  <testcase classname="genericUtilityorLibrary.Base_Class" name="@AfterSuite asConfig" time="0.0">
    <ignored/>
  </testcase> <!-- @AfterSuite asConfig -->
  <testcase classname="genericUtilityorLibrary.Base_Class" name="@BeforeSuite bsConfig" time="0.0">
    <ignored/>
  </testcase> <!-- @BeforeSuite bsConfig -->
</testsuite> <!-- Test -->
