<?xml version="1.0" encoding="UTF-8"?>
<testng-results ignored="0" total="1" passed="1" failed="0" skipped="0">
  <reporter-output>
  </reporter-output>
  <suite started-at="2024-03-31T12:36:15 IST" name="Default suite" finished-at="2024-03-31T12:36:33 IST" duration-ms="17653">
    <groups>
    </groups>
    <test started-at="2024-03-31T12:36:15 IST" name="Default test" finished-at="2024-03-31T12:36:33 IST" duration-ms="17653">
      <class name="leadspackage.CreateNewLeadWithFNTest">
        <test-method is-config="true" signature="bsConfig()[pri:0, instance:leadspackage.CreateNewLeadWithFNTest@6c6cb480]" started-at="2024-03-31T12:36:15 IST" name="bsConfig" finished-at="2024-03-31T12:36:15 IST" duration-ms="11" status="PASS">
          <reporter-output>
          </reporter-output>
        </test-method> <!-- bsConfig -->
        <test-method is-config="true" signature="bcConfig()[pri:0, instance:leadspackage.CreateNewLeadWithFNTest@6c6cb480]" started-at="2024-03-31T12:36:15 IST" name="bcConfig" finished-at="2024-03-31T12:36:18 IST" duration-ms="2996" status="PASS">
          <reporter-output>
          </reporter-output>
        </test-method> <!-- bcConfig -->
        <test-method is-config="true" signature="bmConfig()[pri:0, instance:leadspackage.CreateNewLeadWithFNTest@6c6cb480]" started-at="2024-03-31T12:36:18 IST" name="bmConfig" finished-at="2024-03-31T12:36:21 IST" duration-ms="2969" status="PASS">
          <reporter-output>
          </reporter-output>
        </test-method> <!-- bmConfig -->
        <test-method signature="createNewLeadWithFirstName()[pri:0, instance:leadspackage.CreateNewLeadWithFNTest@6c6cb480]" started-at="2024-03-31T12:36:21 IST" name="createNewLeadWithFirstName" finished-at="2024-03-31T12:36:30 IST" duration-ms="9513" status="PASS">
          <reporter-output>
          </reporter-output>
        </test-method> <!-- createNewLeadWithFirstName -->
        <test-method is-config="true" signature="amConfig()[pri:0, instance:leadspackage.CreateNewLeadWithFNTest@6c6cb480]" started-at="2024-03-31T12:36:30 IST" name="amConfig" finished-at="2024-03-31T12:36:32 IST" duration-ms="1934" status="PASS">
          <reporter-output>
          </reporter-output>
        </test-method> <!-- amConfig -->
        <test-method is-config="true" signature="acConfig()[pri:0, instance:leadspackage.CreateNewLeadWithFNTest@6c6cb480]" started-at="2024-03-31T12:36:32 IST" name="acConfig" finished-at="2024-03-31T12:36:33 IST" duration-ms="199" status="PASS">
          <reporter-output>
          </reporter-output>
        </test-method> <!-- acConfig -->
        <test-method is-config="true" signature="asConfig()[pri:0, instance:leadspackage.CreateNewLeadWithFNTest@6c6cb480]" started-at="2024-03-31T12:36:33 IST" name="asConfig" finished-at="2024-03-31T12:36:33 IST" duration-ms="0" status="PASS">
          <reporter-output>
          </reporter-output>
        </test-method> <!-- asConfig -->
      </class> <!-- leadspackage.CreateNewLeadWithFNTest -->
    </test> <!-- Default test -->
  </suite> <!-- Default suite -->
</testng-results>
