<?xml version="1.0" encoding="UTF-8"?>
<!-- Generated by org.testng.reporters.JUnitReportReporter -->
<testsuite hostname="LAPTOP-RTGV64HI" failures="0" tests="1" name="createContact_package.CreateNewContactWithLeadSource" time="17.808" errors="0" timestamp="2024-02-19T14:43:44 IST" skipped="0">
  <testcase classname="createContact_package.CreateNewContactWithLeadSource" name="NewContactWithMandatoryFields" time="17.808"/>
</testsuite> <!-- createContact_package.CreateNewContactWithLeadSource -->
